0 info it worked if it ends with ok
1 verbose cli [ 'node', '/usr/local/bin/npm', 'install', '-g', 'karma-cli' ]
2 info using npm@1.4.3
3 info using node@v0.10.26
4 verbose cache add [ 'karma-cli', null ]
5 verbose cache add name=undefined spec="karma-cli" args=["karma-cli",null]
6 verbose parsed url { protocol: null,
6 verbose parsed url   slashes: null,
6 verbose parsed url   auth: null,
6 verbose parsed url   host: null,
6 verbose parsed url   port: null,
6 verbose parsed url   hostname: null,
6 verbose parsed url   hash: null,
6 verbose parsed url   search: null,
6 verbose parsed url   query: null,
6 verbose parsed url   pathname: 'karma-cli',
6 verbose parsed url   path: 'karma-cli',
6 verbose parsed url   href: 'karma-cli' }
7 silly lockFile aa100f68-karma-cli karma-cli
8 verbose lock karma-cli /Users/patrick/.npm/aa100f68-karma-cli.lock
9 silly lockFile aa100f68-karma-cli karma-cli
10 silly lockFile aa100f68-karma-cli karma-cli
11 verbose addNamed [ 'karma-cli', '' ]
12 verbose addNamed [ null, '*' ]
13 silly lockFile 8f6f2c72-karma-cli karma-cli@
14 verbose lock karma-cli@ /Users/patrick/.npm/8f6f2c72-karma-cli.lock
15 silly addNameRange { name: 'karma-cli', range: '*', hasData: false }
16 verbose url raw karma-cli
17 verbose url resolving [ 'https://registry.npmjs.org/', './karma-cli' ]
18 verbose url resolved https://registry.npmjs.org/karma-cli
19 info trying registry request attempt 1 at 21:56:13
20 verbose etag "BKFIZ4DH4ONUW06PSJ7F8U0S"
21 http GET https://registry.npmjs.org/karma-cli
22 http 200 https://registry.npmjs.org/karma-cli
23 silly registry.get cb [ 200,
23 silly registry.get   { date: 'Wed, 07 May 2014 04:56:14 GMT',
23 silly registry.get     server: 'CouchDB/1.6.0+build.fauxton-91-g5a2864b (Erlang OTP/R14B04)',
23 silly registry.get     etag: '"8WV0RPFG50QZL2EQMHSSWUKFI"',
23 silly registry.get     'content-type': 'application/json',
23 silly registry.get     via: '1.1 varnish',
23 silly registry.get     'cache-control': 'max-age=1',
23 silly registry.get     'content-length': '5880',
23 silly registry.get     'accept-ranges': 'bytes',
23 silly registry.get     'x-served-by': 'cache-v42-ASH, cache-lax1435-LAX',
23 silly registry.get     'x-cache': 'HIT, MISS',
23 silly registry.get     'x-cache-hits': '1, 0',
23 silly registry.get     'x-timer': 'S1399434744.102332830,VS0,VS32,VE38,VE3829907',
23 silly registry.get     vary: 'Accept',
23 silly registry.get     'keep-alive': 'timeout=10, max=50',
23 silly registry.get     connection: 'Keep-Alive' } ]
24 silly addNameRange number 2 { name: 'karma-cli', range: '*', hasData: true }
25 silly addNameRange versions [ 'karma-cli', [ '0.0.1', '0.0.2', '0.0.3', '0.0.4' ] ]
26 verbose addNamed [ 'karma-cli', '0.0.4' ]
27 verbose addNamed [ '0.0.4', '0.0.4' ]
28 silly lockFile 0ef08b95-karma-cli-0-0-4 karma-cli@0.0.4
29 verbose lock karma-cli@0.0.4 /Users/patrick/.npm/0ef08b95-karma-cli-0-0-4.lock
30 silly lockFile 0ef08b95-karma-cli-0-0-4 karma-cli@0.0.4
31 silly lockFile 0ef08b95-karma-cli-0-0-4 karma-cli@0.0.4
32 silly lockFile 8f6f2c72-karma-cli karma-cli@
33 silly lockFile 8f6f2c72-karma-cli karma-cli@
34 silly resolved [ { name: 'karma-cli',
34 silly resolved     description: 'The Karma command line interface.',
34 silly resolved     homepage: 'http://karma-runner.github.io/',
34 silly resolved     repository:
34 silly resolved      { type: 'git',
34 silly resolved        url: 'git://github.com/karma-runner/karma-cli.git' },
34 silly resolved     bugs: { url: 'https://github.com/karma-runner/karma-cli/issues' },
34 silly resolved     keywords:
34 silly resolved      [ 'karma',
34 silly resolved        'spectacular',
34 silly resolved        'runner',
34 silly resolved        'karma',
34 silly resolved        'js',
34 silly resolved        'javascript',
34 silly resolved        'testing',
34 silly resolved        'test',
34 silly resolved        'remote',
34 silly resolved        'execution' ],
34 silly resolved     author: { name: 'Vojta Jína', email: 'vojta.jina@gmail.com' },
34 silly resolved     contributors: [ [Object] ],
34 silly resolved     dependencies: { resolve: '~0.5.1' },
34 silly resolved     peerDependencies: {},
34 silly resolved     devDependencies:
34 silly resolved      { grunt: '~0.4.1',
34 silly resolved        'grunt-contrib-jshint': '~0.7.2',
34 silly resolved        'grunt-coffeelint': '0.0.7',
34 silly resolved        'grunt-bump': '0.0.11',
34 silly resolved        'grunt-npm': '0.0.2',
34 silly resolved        'grunt-auto-release': '0.0.4',
34 silly resolved        'grunt-conventional-changelog': '~1.0.0' },
34 silly resolved     preferGlobal: true,
34 silly resolved     bin: { karma: './bin/karma' },
34 silly resolved     engines: { node: '~0.8 || ~0.10' },
34 silly resolved     version: '0.0.4',
34 silly resolved     readme: '# karma-cli\n\n> The [Karma] command line interface.\n\nInstall this module if you wanna be able to use `karma` in your command line.\n\n[Karma]: http://karma-runner.github.io\n',
34 silly resolved     readmeFilename: 'README.md',
34 silly resolved     _id: 'karma-cli@0.0.4',
34 silly resolved     _from: 'karma-cli@' } ]
35 info install karma-cli@0.0.4 into /usr/local/lib
36 info installOne karma-cli@0.0.4
37 info /usr/local/lib/node_modules/karma-cli unbuild
38 info preuninstall karma-cli@0.0.4
39 info uninstall karma-cli@0.0.4
40 verbose true,/usr/local/lib/node_modules,/usr/local/lib/node_modules unbuild karma-cli@0.0.4
41 verbose /usr/local/bin,[object Object] binRoot
42 info postuninstall karma-cli@0.0.4
43 info /usr/local/lib/node_modules/karma-cli unbuild
44 info preuninstall karma-cli@0.0.4
45 info uninstall karma-cli@0.0.4
46 verbose true,/usr/local/lib/node_modules,/usr/local/lib/node_modules unbuild karma-cli@0.0.4
47 verbose /usr/local/bin,[object Object] binRoot
48 info postuninstall karma-cli@0.0.4
49 error error rolling back Error: EACCES, unlink '/usr/local/lib/node_modules/karma-cli'
49 error error rolling back  karma-cli@0.0.4 { [Error: EACCES, unlink '/usr/local/lib/node_modules/karma-cli']
49 error error rolling back   errno: 3,
49 error error rolling back   code: 'EACCES',
49 error error rolling back   path: '/usr/local/lib/node_modules/karma-cli' }
50 error Error: EACCES, unlink '/usr/local/lib/node_modules/karma-cli'
50 error  { [Error: EACCES, unlink '/usr/local/lib/node_modules/karma-cli']
50 error   errno: 3,
50 error   code: 'EACCES',
50 error   path: '/usr/local/lib/node_modules/karma-cli' }
51 error Please try running this command again as root/Administrator.
52 error System Darwin 13.1.0
53 error command "node" "/usr/local/bin/npm" "install" "-g" "karma-cli"
54 error cwd /Users/patrick/Documents/dev/ruby/akumai
55 error node -v v0.10.26
56 error npm -v 1.4.3
57 error path /usr/local/lib/node_modules/karma-cli
58 error code EACCES
59 error errno 3
60 error stack Error: EACCES, unlink '/usr/local/lib/node_modules/karma-cli'
61 verbose exit [ 3, true ]
